<?xml version="1.0" encoding="UTF-8"?>
<!-- Generated by org.testng.reporters.JUnitXMLReporter -->
<testsuite ignored="0" hostname="fedora" failures="0" tests="4" name="Test" time="117.534" errors="0" timestamp="2022-03-14T13:01:39 IST">
  <testcase classname="flipkart.automation.scripts.SignIn" name="test1" time="62.769"/>
  <testcase classname="flipkart.automation.scripts.verifyinglogin" name="test2" time="8.328"/>
  <testcase classname="flipkart.automation.scripts.SearchInvalid" name="test3" time="14.126"/>
  <testcase classname="flipkart.automation.scripts.Signout" name="test_logout" time="12.621"/>
</testsuite> <!-- Test -->
